installing staticcheck from vendor
Errors from staticcheck:
vendor/k8s.io/apiserver/pkg/admission/initializer/initializer_test.go:123:6: type clientCertWanter is unused (U1000)
vendor/k8s.io/apiserver/pkg/authentication/request/x509/x509_test.go:154:2: const clientDNSCert is unused (U1000)
vendor/k8s.io/apiserver/pkg/authentication/request/x509/x509_test.go:227:2: const clientEmailCert is unused (U1000)
vendor/k8s.io/apiserver/pkg/endpoints/apiserver_test.go:345:2: field requestedResourceLocationID is unused (U1000)
vendor/k8s.io/apiserver/pkg/endpoints/apiserver_test.go:346:2: field resourceLocation is unused (U1000)
vendor/k8s.io/apiserver/pkg/endpoints/apiserver_test.go:347:2: field resourceLocationTransport is unused (U1000)
vendor/k8s.io/apiserver/pkg/endpoints/apiserver_test.go:3080:11: this value of err is never used (SA4006)
vendor/k8s.io/apiserver/pkg/endpoints/apiserver_test.go:3112:11: this value of err is never used (SA4006)
vendor/k8s.io/apiserver/pkg/endpoints/apiserver_test.go:3149:11: this value of err is never used (SA4006)
vendor/k8s.io/apiserver/pkg/endpoints/apiserver_test.go:3189:11: this value of err is never used (SA4006)
vendor/k8s.io/apiserver/pkg/endpoints/apiserver_test.go:3225:12: this value of err is never used (SA4006)
vendor/k8s.io/apiserver/pkg/endpoints/apiserver_test.go:3248:11: this value of err is never used (SA4006)
vendor/k8s.io/apiserver/pkg/endpoints/apiserver_test.go:3288:11: this value of err is never used (SA4006)
vendor/k8s.io/apiserver/pkg/endpoints/apiserver_test.go:3330:12: this value of err is never used (SA4006)
vendor/k8s.io/apiserver/pkg/endpoints/apiserver_test.go:3363:11: this value of err is never used (SA4006)
vendor/k8s.io/apiserver/pkg/endpoints/apiserver_test.go:3397:11: this value of err is never used (SA4006)
vendor/k8s.io/apiserver/pkg/endpoints/apiserver_test.go:3438:11: this value of err is never used (SA4006)
vendor/k8s.io/apiserver/pkg/endpoints/apiserver_test.go:3477:11: this value of err is never used (SA4006)
vendor/k8s.io/apiserver/pkg/endpoints/apiserver_test.go:3511:11: this value of err is never used (SA4006)
vendor/k8s.io/apiserver/pkg/endpoints/filters/audit.go:170:27: http.CloseNotifier is deprecated: the CloseNotifier interface predates Go's context package. New code should use Request.Context instead.  (SA1019)
vendor/k8s.io/apiserver/pkg/endpoints/filters/audit.go:230:27: http.CloseNotifier is deprecated: the CloseNotifier interface predates Go's context package. New code should use Request.Context instead.  (SA1019)
vendor/k8s.io/apiserver/pkg/endpoints/filters/audit.go:250:7: http.CloseNotifier is deprecated: the CloseNotifier interface predates Go's context package. New code should use Request.Context instead.  (SA1019)
vendor/k8s.io/apiserver/pkg/endpoints/handlers/delete.go:142:21: options.OrphanDependents is deprecated: please use the PropagationPolicy, this field will be deprecated in 1.7. Should the dependent objects be orphaned. If true/false, the "orphan" finalizer will be added to/removed from the object's finalizers list. Either this field or PropagationPolicy may be set, but not both. +optional  (SA1019)
vendor/k8s.io/apiserver/pkg/endpoints/handlers/delete.go:142:57: options.OrphanDependents is deprecated: please use the PropagationPolicy, this field will be deprecated in 1.7. Should the dependent objects be orphaned. If true/false, the "orphan" finalizer will be added to/removed from the object's finalizers list. Either this field or PropagationPolicy may be set, but not both. +optional  (SA1019)
vendor/k8s.io/apiserver/pkg/endpoints/handlers/fieldmanager/fieldmanager_test.go:37:43: argument out is overwritten before first use (SA4009)
vendor/k8s.io/apiserver/pkg/endpoints/handlers/fieldmanager/fieldmanager_test.go:38:2: this value of out is never used (SA4006)
vendor/k8s.io/apiserver/pkg/endpoints/handlers/responsewriters/errors_test.go:85:17: observer.HeaderMap is deprecated: HeaderMap exists for historical compatibility and should not be used. To access the headers returned by a handler, use the Response.Header map as returned by the Result method.  (SA1019)
vendor/k8s.io/apiserver/pkg/endpoints/handlers/responsewriters/writers.go:220:5: var nopCloser is unused (U1000)
vendor/k8s.io/apiserver/pkg/endpoints/handlers/watch.go:176:15: http.CloseNotifier is deprecated: the CloseNotifier interface predates Go's context package. New code should use Request.Context instead.  (SA1019)
vendor/k8s.io/apiserver/pkg/endpoints/metrics/metrics.go:289:37: http.CloseNotifier is deprecated: the CloseNotifier interface predates Go's context package. New code should use Request.Context instead.  (SA1019)
vendor/k8s.io/apiserver/pkg/endpoints/metrics/metrics.go:313:15: http.CloseNotifier is deprecated: the CloseNotifier interface predates Go's context package. New code should use Request.Context instead.  (SA1019)
vendor/k8s.io/apiserver/pkg/endpoints/metrics/metrics.go:441:27: http.CloseNotifier is deprecated: the CloseNotifier interface predates Go's context package. New code should use Request.Context instead.  (SA1019)
vendor/k8s.io/apiserver/pkg/endpoints/patchhandler_test.go:55:11: this value of err is never used (SA4006)
vendor/k8s.io/apiserver/pkg/endpoints/patchhandler_test.go:96:11: this value of err is never used (SA4006)
vendor/k8s.io/apiserver/pkg/endpoints/patchhandler_test.go:103:11: this value of err is never used (SA4006)
vendor/k8s.io/apiserver/pkg/endpoints/patchhandler_test.go:113:11: this value of err is never used (SA4006)
vendor/k8s.io/apiserver/pkg/endpoints/patchhandler_test.go:142:11: this value of err is never used (SA4006)
vendor/k8s.io/apiserver/pkg/endpoints/request/context.go:41:2: const audiencesKey is unused (U1000)
vendor/k8s.io/apiserver/pkg/endpoints/request/context_test.go:38:2: this value of result is never used (SA4006)
vendor/k8s.io/apiserver/pkg/endpoints/watch_test.go:606:8: this value of err is never used (SA4006)
vendor/k8s.io/apiserver/pkg/endpoints/watch_test.go:730:8: this value of err is never used (SA4006)
vendor/k8s.io/apiserver/pkg/endpoints/watch_test.go:811:2: the goroutine calls T.Fatal, which must be called in the same goroutine as the test (SA2002)
vendor/k8s.io/apiserver/pkg/endpoints/watch_test.go:851:2: the goroutine calls T.Fatal, which must be called in the same goroutine as the test (SA2002)
vendor/k8s.io/apiserver/pkg/endpoints/watch_test.go:900:2: the goroutine calls T.Fatal, which must be called in the same goroutine as the test (SA2002)
vendor/k8s.io/apiserver/pkg/registry/generic/registry/dryrun.go:92:8: this value of err is never used (SA4006)
vendor/k8s.io/apiserver/pkg/registry/generic/registry/dryrun_test.go:188:2: this value of err is never used (SA4006)
vendor/k8s.io/apiserver/pkg/registry/generic/registry/store.go:657:23: options.OrphanDependents is deprecated: please use the PropagationPolicy, this field will be deprecated in 1.7. Should the dependent objects be orphaned. If true/false, the "orphan" finalizer will be added to/removed from the object's finalizers list. Either this field or PropagationPolicy may be set, but not both. +optional  (SA1019)
vendor/k8s.io/apiserver/pkg/registry/generic/registry/store.go:658:11: options.OrphanDependents is deprecated: please use the PropagationPolicy, this field will be deprecated in 1.7. Should the dependent objects be orphaned. If true/false, the "orphan" finalizer will be added to/removed from the object's finalizers list. Either this field or PropagationPolicy may be set, but not both. +optional  (SA1019)
vendor/k8s.io/apiserver/pkg/registry/generic/registry/store.go:701:23: options.OrphanDependents is deprecated: please use the PropagationPolicy, this field will be deprecated in 1.7. Should the dependent objects be orphaned. If true/false, the "orphan" finalizer will be added to/removed from the object's finalizers list. Either this field or PropagationPolicy may be set, but not both. +optional  (SA1019)
vendor/k8s.io/apiserver/pkg/registry/generic/registry/store_test.go:62:7: const validInitializerName is unused (U1000)
vendor/k8s.io/apiserver/pkg/registry/generic/registry/store_test.go:259:2: the goroutine calls T.Fatal, which must be called in the same goroutine as the test (SA2002)
vendor/k8s.io/apiserver/pkg/registry/generic/registry/store_test.go:319:2: this value of objA is never used (SA4006)
vendor/k8s.io/apiserver/pkg/registry/generic/registry/store_test.go:1337:9: this value of err is never used (SA4006)
vendor/k8s.io/apiserver/pkg/registry/generic/registry/store_test.go:1424:4: the goroutine calls T.Fatalf, which must be called in the same goroutine as the test (SA2002)
vendor/k8s.io/apiserver/pkg/registry/generic/registry/store_test.go:1962:3: the goroutine calls T.Fatal, which must be called in the same goroutine as the test (SA2002)
vendor/k8s.io/apiserver/pkg/registry/generic/rest/streamer_test.go:57:10: this value of err is never used (SA4006)
vendor/k8s.io/apiserver/pkg/registry/generic/rest/streamer_test.go:78:2: field err is unused (U1000)
vendor/k8s.io/apiserver/pkg/registry/generic/rest/streamer_test.go:121:10: this value of err is never used (SA4006)
vendor/k8s.io/apiserver/pkg/registry/rest/resttest/resttest.go:889:2: this value of obj is never used (SA4006)
vendor/k8s.io/apiserver/pkg/registry/rest/resttest/resttest.go:915:18: func (*Tester).testDeleteWithResourceVersion is unused (U1000)
vendor/k8s.io/apiserver/pkg/registry/rest/resttest/resttest.go:926:2: this value of obj is never used (SA4006)
vendor/k8s.io/apiserver/pkg/server/filters/timeout.go:134:22: http.CloseNotifier is deprecated: the CloseNotifier interface predates Go's context package. New code should use Request.Context instead.  (SA1019)
vendor/k8s.io/apiserver/pkg/server/filters/timeout.go:252:15: http.CloseNotifier is deprecated: the CloseNotifier interface predates Go's context package. New code should use Request.Context instead.  (SA1019)
vendor/k8s.io/apiserver/pkg/server/genericapiserver.go:175:2: field enableAPIResponseCompression is unused (U1000)
vendor/k8s.io/apiserver/pkg/server/healthz/healthz_test.go:205:7: type args is unused (U1000)
vendor/k8s.io/apiserver/pkg/server/httplog/httplog.go:208:15: http.CloseNotifier is deprecated: the CloseNotifier interface predates Go's context package. New code should use Request.Context instead.  (SA1019)
vendor/k8s.io/apiserver/pkg/server/options/encryptionconfig/config.go:298:17: this value of err is never used (SA4006)
vendor/k8s.io/apiserver/pkg/server/options/serving_test.go:503:4: the goroutine calls T.Fatal, which must be called in the same goroutine as the test (SA2002)
vendor/k8s.io/apiserver/pkg/server/routes/metrics.go:36:23: prometheus.Handler is deprecated: Please note the issues described in the doc comment of InstrumentHandler. You might want to consider using promhttp.Handler instead.  (SA1019)
vendor/k8s.io/apiserver/pkg/server/routes/metrics.go:46:27: prometheus.Handler is deprecated: Please note the issues described in the doc comment of InstrumentHandler. You might want to consider using promhttp.Handler instead.  (SA1019)
vendor/k8s.io/apiserver/pkg/server/routes/openapi.go:41:34: handler.RegisterOpenAPIVersionedService is deprecated: use OpenAPIService.RegisterOpenAPIVersionedService instead.  (SA1019)
vendor/k8s.io/apiserver/pkg/server/storage/storage_factory_test.go:40:2: var parameterCodec is unused (U1000)
vendor/k8s.io/apiserver/pkg/storage/cacher/cacher_whitebox_test.go:611:2: the goroutine calls T.Fatalf, which must be called in the same goroutine as the test (SA2002)
vendor/k8s.io/apiserver/pkg/storage/cacher/cacher_whitebox_test.go:680:2: the goroutine calls T.Fatalf, which must be called in the same goroutine as the test (SA2002)
vendor/k8s.io/apiserver/pkg/storage/cacher/cacher_whitebox_test.go:826:4: ineffective break statement. Did you mean to break out of the outer loop? (SA4011)
vendor/k8s.io/apiserver/pkg/storage/etcd3/store_test.go:1439:3: field t is unused (U1000)
vendor/k8s.io/apiserver/pkg/storage/selection_predicate_test.go:33:6: type IgnoredList is unused (U1000)
vendor/k8s.io/apiserver/pkg/storage/tests/cacher_test.go:905:2: the goroutine calls T.Fatalf, which must be called in the same goroutine as the test (SA2002)
vendor/k8s.io/apiserver/pkg/storage/value/encrypt/aes/aes_test.go:81:2: this value of from is never used (SA4006)
vendor/k8s.io/apiserver/pkg/storage/value/encrypt/aes/aes_test.go:81:8: this value of stale is never used (SA4006)
vendor/k8s.io/apiserver/pkg/storage/value/encrypt/aes/aes_test.go:133:2: this value of from is never used (SA4006)
vendor/k8s.io/apiserver/pkg/storage/value/encrypt/aes/aes_test.go:133:8: this value of stale is never used (SA4006)
vendor/k8s.io/apiserver/pkg/storage/value/encrypt/envelope/grpc_service.go:64:86: grpc.FailFast is deprecated: use WaitForReady.  (SA1019)
vendor/k8s.io/apiserver/pkg/storage/value/encrypt/envelope/grpc_service.go:64:109: grpc.WithDialer is deprecated: use WithContextDialer instead.  Will be supported throughout 1.x.  (SA1019)
vendor/k8s.io/apiserver/pkg/storage/value/encrypt/envelope/grpc_service_unix_test.go:123:4: the goroutine calls T.Fatalf, which must be called in the same goroutine as the test (SA2002)
vendor/k8s.io/apiserver/pkg/storage/value/encrypt/envelope/grpc_service_unix_test.go:138:4: the goroutine calls T.Fatalf, which must be called in the same goroutine as the test (SA2002)
vendor/k8s.io/apiserver/pkg/storage/value/encrypt/envelope/grpc_service_unix_test.go:206:2: the goroutine calls T.Fatalf, which must be called in the same goroutine as the test (SA2002)
vendor/k8s.io/apiserver/pkg/storage/value/encrypt/secretbox/secretbox_test.go:61:2: this value of from is never used (SA4006)
vendor/k8s.io/apiserver/pkg/storage/value/encrypt/secretbox/secretbox_test.go:61:8: this value of stale is never used (SA4006)
vendor/k8s.io/apiserver/pkg/util/webhook/certs_test.go:71:5: var badCAKey is unused (U1000)
vendor/k8s.io/apiserver/pkg/util/wsstream/conn_test.go:58:2: the goroutine calls T.Fatal, which must be called in the same goroutine as the test (SA2002)
vendor/k8s.io/apiserver/pkg/util/wsstream/conn_test.go:75:2: the goroutine calls T.Fatalf, which must be called in the same goroutine as the test (SA2002)
vendor/k8s.io/apiserver/pkg/util/wsstream/conn_test.go:140:2: the goroutine calls T.Fatal, which must be called in the same goroutine as the test (SA2002)
vendor/k8s.io/apiserver/pkg/util/wsstream/conn_test.go:157:2: the goroutine calls T.Fatalf, which must be called in the same goroutine as the test (SA2002)
vendor/k8s.io/apiserver/plugin/pkg/authenticator/token/oidc/oidc_test.go:135:2: field now is unused (U1000)
vendor/k8s.io/apiserver/plugin/pkg/authenticator/token/webhook/certs_test.go:22:5: var caKey is unused (U1000)
vendor/k8s.io/apiserver/plugin/pkg/authenticator/token/webhook/certs_test.go:70:5: var badCAKey is unused (U1000)
vendor/k8s.io/apiserver/plugin/pkg/authorizer/webhook/certs_test.go:22:5: var caKey is unused (U1000)
vendor/k8s.io/apiserver/plugin/pkg/authorizer/webhook/certs_test.go:70:5: var badCAKey is unused (U1000)

Please review the above warnings. You can test via:
  hack/verify-staticcheck.sh <failing package>
If the above warnings do not make sense, you can exempt the line or file. See:
  https://staticcheck.io/docs/#ignoring-problems

